# JRE version: OpenJDK Runtime Environment Temurin-21.0.11+10 (21.0.11+10) (build 21.0.11+10-LTS)
# Java VM: OpenJDK 64-Bit Server VM Temurin-21.0.11+10 (21.0.11+10-LTS, mixed mode, sharing, tiered, compressed oops, compressed class ptrs, parallel gc, windows-amd64)
GC Precious Log:
 CardTable entry size: 512
 CPUs: 8 total, 8 available
 Memory: 7885M
 Large Page Support: Disabled
 NUMA Support: Disabled
 Compressed Oops: Enabled (32-bit)
 Alignments: Space 512K, Generation 512K, Heap 2M
 Heap Min Capacity: 100M
 Heap Initial Capacity: 100M
 Heap Max Capacity: 2G
 Pre-touch: Disabled
 Parallel Workers: 8
Heap:
 PSYoungGen      total 7680K, used 2093K [0x00000000d5580000, 0x00000000d6180000, 0x0000000100000000)
  eden space 7168K, 22% used [0x00000000d5580000,0x00000000d570bf08,0x00000000d5c80000)
  from space 512K, 99% used [0x00000000d6100000,0x00000000d617f5b0,0x00000000d6180000)
  to   space 512K, 0% used [0x00000000d6080000,0x00000000d6080000,0x00000000d6100000)
 ParOldGen       total 95232K, used 95013K [0x0000000080000000, 0x0000000085d00000, 0x00000000d5580000)
  object space 95232K, 99% used [0x0000000080000000,0x0000000085cc97e8,0x0000000085d00000)
 Metaspace       used 24961K, committed 26048K, reserved 1114112K
  class space    used 2273K, committed 2752K, reserved 1048576K
GC Heap History (20 events):
Event: 18.355 GC heap before
{Heap before GC invocations=70 (full 1):
 PSYoungGen      total 9216K, used 9212K [0x00000000d5580000, 0x00000000d6800000, 0x0000000100000000)
  eden space 8704K, 100% used [0x00000000d5580000,0x00000000d5e00000,0x00000000d5e00000)
  from space 512K, 99% used [0x00000000d6600000,0x00000000d667f218,0x00000000d6680000)
  to   space 5120K, 0% used [0x00000000d5e00000,0x00000000d5e00000,0x00000000d6300000)
 ParOldGen       total 83456K, used 83227K [0x0000000080000000, 0x0000000085180000, 0x00000000d5580000)
  object space 83456K, 99% used [0x0000000080000000,0x0000000085146d60,0x0000000085180000)
 Metaspace       used 24548K, committed 25664K, reserved 1114112K
  class space    used 2231K, committed 2688K, reserved 1048576K
}
Event: 18.358 GC heap after
{Heap after GC invocations=70 (full 1):
 PSYoungGen      total 13824K, used 1248K [0x00000000d5580000, 0x00000000d6680000, 0x0000000100000000)
  eden space 8704K, 0% used [0x00000000d5580000,0x00000000d5580000,0x00000000d5e00000)
  from space 5120K, 24% used [0x00000000d5e00000,0x00000000d5f38000,0x00000000d6300000)
  to   space 2560K, 0% used [0x00000000d6400000,0x00000000d6400000,0x00000000d6680000)
 ParOldGen       total 83968K, used 83746K [0x0000000080000000, 0x0000000085200000, 0x00000000d5580000)
  object space 83968K, 99% used [0x0000000080000000,0x00000000851c8980,0x0000000085200000)
 Metaspace       used 24548K, committed 25664K, reserved 1114112K
  class space    used 2231K, committed 2688K, reserved 1048576K
}
Event: 18.464 GC heap before
{Heap before GC invocations=71 (full 1):
 PSYoungGen      total 13824K, used 9952K [0x00000000d5580000, 0x00000000d6680000, 0x0000000100000000)
  eden space 8704K, 100% used [0x00000000d5580000,0x00000000d5e00000,0x00000000d5e00000)
  from space 5120K, 24% used [0x00000000d5e00000,0x00000000d5f38000,0x00000000d6300000)
  to   space 2560K, 0% used [0x00000000d6400000,0x00000000d6400000,0x00000000d6680000)
 ParOldGen       total 83968K, used 83746K [0x0000000080000000, 0x0000000085200000, 0x00000000d5580000)
  object space 83968K, 99% used [0x0000000080000000,0x00000000851c8980,0x0000000085200000)
 Metaspace       used 24577K, committed 25664K, reserved 1114112K
  class space    used 2231K, committed 2688K, reserved 1048576K
}
Event: 18.469 GC heap after
{Heap after GC invocations=71 (full 1):
 PSYoungGen      total 9728K, used 2531K [0x00000000d5580000, 0x00000000d6d00000, 0x0000000100000000)
  eden space 7168K, 0% used [0x00000000d5580000,0x00000000d5580000,0x00000000d5c80000)
  from space 2560K, 98% used [0x00000000d6400000,0x00000000d6678ce0,0x00000000d6680000)
  to   space 7680K, 0% used [0x00000000d5c80000,0x00000000d5c80000,0x00000000d6400000)
 ParOldGen       total 88064K, used 87733K [0x0000000080000000, 0x0000000085600000, 0x00000000d5580000)
  object space 88064K, 99% used [0x0000000080000000,0x00000000855ad560,0x0000000085600000)
 Metaspace       used 24577K, committed 25664K, reserved 1114112K
  class space    used 2231K, committed 2688K, reserved 1048576K
}
Event: 18.715 GC heap before
{Heap before GC invocations=72 (full 1):
 PSYoungGen      total 9728K, used 9699K [0x00000000d5580000, 0x00000000d6d00000, 0x0000000100000000)
  eden space 7168K, 100% used [0x00000000d5580000,0x00000000d5c80000,0x00000000d5c80000)
  from space 2560K, 98% used [0x00000000d6400000,0x00000000d6678ce0,0x00000000d6680000)
  to   space 7680K, 0% used [0x00000000d5c80000,0x00000000d5c80000,0x00000000d6400000)
 ParOldGen       total 88064K, used 87733K [0x0000000080000000, 0x0000000085600000, 0x00000000d5580000)
  object space 88064K, 99% used [0x0000000080000000,0x00000000855ad560,0x0000000085600000)
 Metaspace       used 24629K, committed 25728K, reserved 1114112K
  class space    used 2234K, committed 2688K, reserved 1048576K
}
Event: 18.717 GC heap after
{Heap after GC invocations=72 (full 1):
 PSYoungGen      total 8192K, used 624K [0x00000000d5580000, 0x00000000d6480000, 0x0000000100000000)
  eden space 7168K, 0% used [0x00000000d5580000,0x00000000d5580000,0x00000000d5c80000)
  from space 1024K, 60% used [0x00000000d5c80000,0x00000000d5d1c010,0x00000000d5d80000)
  to   space 3072K, 0% used [0x00000000d6180000,0x00000000d6180000,0x00000000d6480000)
 ParOldGen       total 88064K, used 87838K [0x0000000080000000, 0x0000000085600000, 0x00000000d5580000)
  object space 88064K, 99% used [0x0000000080000000,0x00000000855c7918,0x0000000085600000)
 Metaspace       used 24629K, committed 25728K, reserved 1114112K
  class space    used 2234K, committed 2688K, reserved 1048576K
}
Event: 19.011 GC heap before
{Heap before GC invocations=73 (full 1):
 PSYoungGen      total 8192K, used 7792K [0x00000000d5580000, 0x00000000d6480000, 0x0000000100000000)
  eden space 7168K, 100% used [0x00000000d5580000,0x00000000d5c80000,0x00000000d5c80000)
  from space 1024K, 60% used [0x00000000d5c80000,0x00000000d5d1c010,0x00000000d5d80000)
  to   space 3072K, 0% used [0x00000000d6180000,0x00000000d6180000,0x00000000d6480000)
 ParOldGen       total 88064K, used 87838K [0x0000000080000000, 0x0000000085600000, 0x00000000d5580000)
  object space 88064K, 99% used [0x0000000080000000,0x00000000855c7918,0x0000000085600000)
 Metaspace       used 24629K, committed 25728K, reserved 1114112K
  class space    used 2234K, committed 2688K, reserved 1048576K
}
Event: 19.013 GC heap after
{Heap after GC invocations=73 (full 1):
 PSYoungGen      total 7680K, used 64K [0x00000000d5580000, 0x00000000d6200000, 0x0000000100000000)
  eden space 7168K, 0% used [0x00000000d5580000,0x00000000d5580000,0x00000000d5c80000)
  from space 512K, 12% used [0x00000000d6180000,0x00000000d6190000,0x00000000d6200000)
  to   space 1024K, 0% used [0x00000000d6000000,0x00000000d6000000,0x00000000d6100000)
 ParOldGen       total 88576K, used 88281K [0x0000000080000000, 0x0000000085680000, 0x00000000d5580000)
  object space 88576K, 99% used [0x0000000080000000,0x0000000085636640,0x0000000085680000)
 Metaspace       used 24629K, committed 25728K, reserved 1114112K
  class space    used 2234K, committed 2688K, reserved 1048576K
}
Event: 31.705 GC heap before
{Heap before GC invocations=74 (full 1):
 PSYoungGen      total 7680K, used 7232K [0x00000000d5580000, 0x00000000d6200000, 0x0000000100000000)
  eden space 7168K, 100% used [0x00000000d5580000,0x00000000d5c80000,0x00000000d5c80000)
  from space 512K, 12% used [0x00000000d6180000,0x00000000d6190000,0x00000000d6200000)
  to   space 1024K, 0% used [0x00000000d6000000,0x00000000d6000000,0x00000000d6100000)
 ParOldGen       total 88576K, used 88281K [0x0000000080000000, 0x0000000085680000, 0x00000000d5580000)
  object space 88576K, 99% used [0x0000000080000000,0x0000000085636640,0x0000000085680000)
 Metaspace       used 24711K, committed 25792K, reserved 1114112K
  class space    used 2238K, committed 2688K, reserved 1048576K
}
Event: 31.706 GC heap after
{Heap after GC invocations=74 (full 1):
 PSYoungGen      total 8192K, used 800K [0x00000000d5580000, 0x00000000d6200000, 0x0000000100000000)
  eden space 7168K, 0% used [0x00000000d5580000,0x00000000d5580000,0x00000000d5c80000)
  from space 1024K, 78% used [0x00000000d6000000,0x00000000d60c8030,0x00000000d6100000)
  to   space 1024K, 0% used [0x00000000d6100000,0x00000000d6100000,0x00000000d6200000)
 ParOldGen       total 88576K, used 88289K [0x0000000080000000, 0x0000000085680000, 0x00000000d5580000)
  object space 88576K, 99% used [0x0000000080000000,0x0000000085638640,0x0000000085680000)
 Metaspace       used 24711K, committed 25792K, reserved 1114112K
  class space    used 2238K, committed 2688K, reserved 1048576K
}
Event: 50.766 GC heap before
{Heap before GC invocations=75 (full 1):
 PSYoungGen      total 8192K, used 7968K [0x00000000d5580000, 0x00000000d6200000, 0x0000000100000000)
  eden space 7168K, 100% used [0x00000000d5580000,0x00000000d5c80000,0x00000000d5c80000)
  from space 1024K, 78% used [0x00000000d6000000,0x00000000d60c8030,0x00000000d6100000)
  to   space 1024K, 0% used [0x00000000d6100000,0x00000000d6100000,0x00000000d6200000)
 ParOldGen       total 88576K, used 88289K [0x0000000080000000, 0x0000000085680000, 0x00000000d5580000)
  object space 88576K, 99% used [0x0000000080000000,0x0000000085638640,0x0000000085680000)
 Metaspace       used 24808K, committed 25984K, reserved 1114112K
  class space    used 2249K, committed 2752K, reserved 1048576K
}
Event: 50.768 GC heap after
{Heap after GC invocations=75 (full 1):
 PSYoungGen      total 7680K, used 416K [0x00000000d5580000, 0x00000000d6180000, 0x0000000100000000)
  eden space 7168K, 0% used [0x00000000d5580000,0x00000000d5580000,0x00000000d5c80000)
  from space 512K, 81% used [0x00000000d6100000,0x00000000d6168000,0x00000000d6180000)
  to   space 1024K, 0% used [0x00000000d5f80000,0x00000000d5f80000,0x00000000d6080000)
 ParOldGen       total 88576K, used 88465K [0x0000000080000000, 0x0000000085680000, 0x00000000d5580000)
  object space 88576K, 99% used [0x0000000080000000,0x0000000085664640,0x0000000085680000)
 Metaspace       used 24808K, committed 25984K, reserved 1114112K
  class space    used 2249K, committed 2752K, reserved 1048576K
}
Event: 50.857 GC heap before
{Heap before GC invocations=76 (full 1):
 PSYoungGen      total 7680K, used 7584K [0x00000000d5580000, 0x00000000d6180000, 0x0000000100000000)
  eden space 7168K, 100% used [0x00000000d5580000,0x00000000d5c80000,0x00000000d5c80000)
  from space 512K, 81% used [0x00000000d6100000,0x00000000d6168000,0x00000000d6180000)
  to   space 1024K, 0% used [0x00000000d5f80000,0x00000000d5f80000,0x00000000d6080000)
 ParOldGen       total 88576K, used 88465K [0x0000000080000000, 0x0000000085680000, 0x00000000d5580000)
  object space 88576K, 99% used [0x0000000080000000,0x0000000085664640,0x0000000085680000)
 Metaspace       used 24832K, committed 25984K, reserved 1114112K
  class space    used 2250K, committed 2752K, reserved 1048576K
}
Event: 50.858 GC heap after
{Heap after GC invocations=76 (full 1):
 PSYoungGen      total 8192K, used 368K [0x00000000d5580000, 0x00000000d6180000, 0x0000000100000000)
  eden space 7168K, 0% used [0x00000000d5580000,0x00000000d5580000,0x00000000d5c80000)
  from space 1024K, 35% used [0x00000000d5f80000,0x00000000d5fdc010,0x00000000d6080000)
  to   space 512K, 0% used [0x00000000d6100000,0x00000000d6100000,0x00000000d6180000)
 ParOldGen       total 89088K, used 88782K [0x0000000080000000, 0x0000000085700000, 0x00000000d5580000)
  object space 89088K, 99% used [0x0000000080000000,0x00000000856b3820,0x0000000085700000)
 Metaspace       used 24832K, committed 25984K, reserved 1114112K
  class space    used 2250K, committed 2752K, reserved 1048576K
}
Event: 50.950 GC heap before
{Heap before GC invocations=77 (full 1):
 PSYoungGen      total 8192K, used 7536K [0x00000000d5580000, 0x00000000d6180000, 0x0000000100000000)
  eden space 7168K, 100% used [0x00000000d5580000,0x00000000d5c80000,0x00000000d5c80000)
  from space 1024K, 35% used [0x00000000d5f80000,0x00000000d5fdc010,0x00000000d6080000)
  to   space 512K, 0% used [0x00000000d6100000,0x00000000d6100000,0x00000000d6180000)
 ParOldGen       total 89088K, used 88782K [0x0000000080000000, 0x0000000085700000, 0x00000000d5580000)
  object space 89088K, 99% used [0x0000000080000000,0x00000000856b3820,0x0000000085700000)
 Metaspace       used 24832K, committed 25984K, reserved 1114112K
  class space    used 2250K, committed 2752K, reserved 1048576K
}
Event: 50.951 GC heap after
{Heap after GC invocations=77 (full 1):
 PSYoungGen      total 7680K, used 96K [0x00000000d5580000, 0x00000000d6180000, 0x0000000100000000)
  eden space 7168K, 0% used [0x00000000d5580000,0x00000000d5580000,0x00000000d5c80000)
  from space 512K, 18% used [0x00000000d6100000,0x00000000d6118000,0x00000000d6180000)
  to   space 512K, 0% used [0x00000000d6080000,0x00000000d6080000,0x00000000d6100000)
 ParOldGen       total 89088K, used 89006K [0x0000000080000000, 0x0000000085700000, 0x00000000d5580000)
  object space 89088K, 99% used [0x0000000080000000,0x00000000856eb820,0x0000000085700000)
 Metaspace       used 24832K, committed 25984K, reserved 1114112K
  class space    used 2250K, committed 2752K, reserved 1048576K
}
Event: 78.269 GC heap before
{Heap before GC invocations=78 (full 1):
 PSYoungGen      total 7680K, used 7246K [0x00000000d5580000, 0x00000000d6180000, 0x0000000100000000)
  eden space 7168K, 99% used [0x00000000d5580000,0x00000000d5c7b960,0x00000000d5c80000)
  from space 512K, 18% used [0x00000000d6100000,0x00000000d6118000,0x00000000d6180000)
  to   space 512K, 0% used [0x00000000d6080000,0x00000000d6080000,0x00000000d6100000)
 ParOldGen       total 89088K, used 89006K [0x0000000080000000, 0x0000000085700000, 0x00000000d5580000)
  object space 89088K, 99% used [0x0000000080000000,0x00000000856eb820,0x0000000085700000)
 Metaspace       used 24879K, committed 25984K, reserved 1114112K
  class space    used 2257K, committed 2752K, reserved 1048576K
}
Event: 78.271 GC heap after
{Heap after GC invocations=78 (full 1):
 PSYoungGen      total 7680K, used 493K [0x00000000d5580000, 0x00000000d6180000, 0x0000000100000000)
  eden space 7168K, 0% used [0x00000000d5580000,0x00000000d5580000,0x00000000d5c80000)
  from space 512K, 96% used [0x00000000d6080000,0x00000000d60fb5d0,0x00000000d6100000)
  to   space 512K, 0% used [0x00000000d6100000,0x00000000d6100000,0x00000000d6180000)
 ParOldGen       total 89600K, used 89282K [0x0000000080000000, 0x0000000085780000, 0x00000000d5580000)
  object space 89600K, 99% used [0x0000000080000000,0x0000000085730a20,0x0000000085780000)
 Metaspace       used 24879K, committed 25984K, reserved 1114112K
  class space    used 2257K, committed 2752K, reserved 1048576K
}
Event: 78.322 GC heap before
{Heap before GC invocations=79 (full 1):
 PSYoungGen      total 7680K, used 7660K [0x00000000d5580000, 0x00000000d6180000, 0x0000000100000000)
  eden space 7168K, 99% used [0x00000000d5580000,0x00000000d5c7fcd8,0x00000000d5c80000)
  from space 512K, 96% used [0x00000000d6080000,0x00000000d60fb5d0,0x00000000d6100000)
  to   space 512K, 0% used [0x00000000d6100000,0x00000000d6100000,0x00000000d6180000)
 ParOldGen       total 89600K, used 89282K [0x0000000080000000, 0x0000000085780000, 0x00000000d5580000)
  object space 89600K, 99% used [0x0000000080000000,0x0000000085730a20,0x0000000085780000)
 Metaspace       used 24938K, committed 26048K, reserved 1114112K
  class space    used 2270K, committed 2752K, reserved 1048576K
}
Event: 78.325 GC heap after
{Heap after GC invocations=79 (full 1):
 PSYoungGen      total 7680K, used 509K [0x00000000d5580000, 0x00000000d6180000, 0x0000000100000000)
  eden space 7168K, 0% used [0x00000000d5580000,0x00000000d5580000,0x00000000d5c80000)
  from space 512K, 99% used [0x00000000d6100000,0x00000000d617f5b0,0x00000000d6180000)
  to   space 512K, 0% used [0x00000000d6080000,0x00000000d6080000,0x00000000d6100000)
 ParOldGen       total 95232K, used 95013K [0x0000000080000000, 0x0000000085d00000, 0x00000000d5580000)
  object space 95232K, 99% used [0x0000000080000000,0x0000000085cc97e8,0x0000000085d00000)
 Metaspace       used 24938K, committed 26048K, reserved 1114112K
  class space    used 2270K, committed 2752K, reserved 1048576K
}

